# JRE version: OpenJDK Runtime Environment (11.0.8+10) (build 11.0.8+10-b944.6842174)
# Java VM: OpenJDK 64-Bit Server VM (11.0.8+10-b944.6842174, mixed mode, tiered, compressed oops, g1 gc, windows-amd64)
Heap:
 garbage-first heap   total 260096K, used 160768K [0x0000000080000000, 0x0000000100000000)
  region size 1024K, 83 young (84992K), 14 survivors (14336K)
 Metaspace       used 82299K, capacity 84427K, committed 84732K, reserved 1122304K
  class space    used 10583K, capacity 11325K, committed 11392K, reserved 1048576K
GC Heap History (20 events):
Event: 2.379 GC heap before
{Heap before GC invocations=3 (full 0):
 garbage-first heap   total 260096K, used 53466K [0x0000000080000000, 0x0000000100000000)
  region size 1024K, 47 young (48128K), 10 survivors (10240K)
 Metaspace       used 25260K, capacity 25908K, committed 26160K, reserved 1073152K
  class space    used 3182K, capacity 3359K, committed 3456K, reserved 1048576K
}
Event: 2.384 GC heap after
{Heap after GC invocations=4 (full 0):
 garbage-first heap   total 260096K, used 17685K [0x0000000080000000, 0x0000000100000000)
  region size 1024K, 2 young (2048K), 2 survivors (2048K)
 Metaspace       used 25260K, capacity 25908K, committed 26160K, reserved 1073152K
  class space    used 3182K, capacity 3359K, committed 3456K, reserved 1048576K
}
Event: 3.015 GC heap before
{Heap before GC invocations=4 (full 0):
 garbage-first heap   total 260096K, used 75029K [0x0000000080000000, 0x0000000100000000)
  region size 1024K, 59 young (60416K), 2 survivors (2048K)
 Metaspace       used 34953K, capacity 35693K, committed 35888K, reserved 1081344K
  class space    used 4453K, capacity 4707K, committed 4736K, reserved 1048576K
}
Event: 3.021 GC heap after
{Heap after GC invocations=5 (full 0):
 garbage-first heap   total 260096K, used 20877K [0x0000000080000000, 0x0000000100000000)
  region size 1024K, 6 young (6144K), 6 survivors (6144K)
 Metaspace       used 34953K, capacity 35693K, committed 35888K, reserved 1081344K
  class space    used 4453K, capacity 4707K, committed 4736K, reserved 1048576K
}
Event: 3.875 GC heap before
{Heap before GC invocations=6 (full 0):
 garbage-first heap   total 260096K, used 116109K [0x0000000080000000, 0x0000000100000000)
  region size 1024K, 96 young (98304K), 6 survivors (6144K)
 Metaspace       used 43084K, capacity 44064K, committed 44208K, reserved 1087488K
  class space    used 5505K, capacity 5826K, committed 5888K, reserved 1048576K
}
Event: 3.881 GC heap after
{Heap after GC invocations=7 (full 0):
 garbage-first heap   total 260096K, used 25258K [0x0000000080000000, 0x0000000100000000)
  region size 1024K, 10 young (10240K), 10 survivors (10240K)
 Metaspace       used 43084K, capacity 44064K, committed 44208K, reserved 1087488K
  class space    used 5505K, capacity 5826K, committed 5888K, reserved 1048576K
}
Event: 5.274 GC heap before
{Heap before GC invocations=7 (full 0):
 garbage-first heap   total 260096K, used 173738K [0x0000000080000000, 0x0000000100000000)
  region size 1024K, 152 young (155648K), 10 survivors (10240K)
 Metaspace       used 56702K, capacity 58048K, committed 58288K, reserved 1099776K
  class space    used 7176K, capacity 7626K, committed 7680K, reserved 1048576K
}
Event: 5.284 GC heap after
{Heap after GC invocations=8 (full 0):
 garbage-first heap   total 260096K, used 40044K [0x0000000080000000, 0x0000000100000000)
  region size 1024K, 19 young (19456K), 19 survivors (19456K)
 Metaspace       used 56702K, capacity 58048K, committed 58288K, reserved 1099776K
  class space    used 7176K, capacity 7626K, committed 7680K, reserved 1048576K
}
Event: 5.413 GC heap before
{Heap before GC invocations=8 (full 0):
 garbage-first heap   total 260096K, used 49260K [0x0000000080000000, 0x0000000100000000)
  region size 1024K, 29 young (29696K), 19 survivors (19456K)
 Metaspace       used 58511K, capacity 59928K, committed 60028K, reserved 1101824K
  class space    used 7366K, capacity 7871K, committed 7936K, reserved 1048576K
}
Event: 5.434 GC heap after
{Heap after GC invocations=9 (full 0):
 garbage-first heap   total 260096K, used 42465K [0x0000000080000000, 0x0000000100000000)
  region size 1024K, 3 young (3072K), 3 survivors (3072K)
 Metaspace       used 58511K, capacity 59928K, committed 60028K, reserved 1101824K
  class space    used 7366K, capacity 7871K, committed 7936K, reserved 1048576K
}
Event: 6.488 GC heap before
{Heap before GC invocations=10 (full 0):
 garbage-first heap   total 260096K, used 130529K [0x0000000080000000, 0x0000000100000000)
  region size 1024K, 89 young (91136K), 3 survivors (3072K)
 Metaspace       used 65676K, capacity 67303K, committed 67580K, reserved 1107968K
  class space    used 8441K, capacity 9026K, committed 9088K, reserved 1048576K
}
Event: 6.496 GC heap after
{Heap after GC invocations=11 (full 0):
 garbage-first heap   total 260096K, used 48020K [0x0000000080000000, 0x0000000100000000)
  region size 1024K, 9 young (9216K), 9 survivors (9216K)
 Metaspace       used 65676K, capacity 67303K, committed 67580K, reserved 1107968K
  class space    used 8441K, capacity 9026K, committed 9088K, reserved 1048576K
}
Event: 7.388 GC heap before
{Heap before GC invocations=12 (full 0):
 garbage-first heap   total 260096K, used 143252K [0x0000000080000000, 0x0000000100000000)
  region size 1024K, 102 young (104448K), 9 survivors (9216K)
 Metaspace       used 72215K, capacity 73982K, committed 74236K, reserved 1114112K
  class space    used 9461K, capacity 10099K, committed 10112K, reserved 1048576K
}
Event: 7.395 GC heap after
{Heap after GC invocations=13 (full 0):
 garbage-first heap   total 260096K, used 56276K [0x0000000080000000, 0x0000000100000000)
  region size 1024K, 9 young (9216K), 9 survivors (9216K)
 Metaspace       used 72215K, capacity 73982K, committed 74236K, reserved 1114112K
  class space    used 9461K, capacity 10099K, committed 10112K, reserved 1048576K
}
Event: 8.486 GC heap before
{Heap before GC invocations=13 (full 0):
 garbage-first heap   total 260096K, used 154580K [0x0000000080000000, 0x0000000100000000)
  region size 1024K, 106 young (108544K), 9 survivors (9216K)
 Metaspace       used 77612K, capacity 79655K, committed 79868K, reserved 1118208K
  class space    used 10150K, capacity 10819K, committed 10880K, reserved 1048576K
}
Event: 8.493 GC heap after
{Heap after GC invocations=14 (full 0):
 garbage-first heap   total 260096K, used 65324K [0x0000000080000000, 0x0000000100000000)
  region size 1024K, 9 young (9216K), 9 survivors (9216K)
 Metaspace       used 77612K, capacity 79655K, committed 79868K, reserved 1118208K
  class space    used 10150K, capacity 10819K, committed 10880K, reserved 1048576K
}
Event: 10.309 GC heap before
{Heap before GC invocations=14 (full 0):
 garbage-first heap   total 260096K, used 165676K [0x0000000080000000, 0x0000000100000000)
  region size 1024K, 108 young (110592K), 9 survivors (9216K)
 Metaspace       used 79383K, capacity 81477K, committed 81532K, reserved 1120256K
  class space    used 10290K, capacity 11006K, committed 11008K, reserved 1048576K
}
Event: 10.316 GC heap after
{Heap after GC invocations=15 (full 0):
 garbage-first heap   total 260096K, used 75141K [0x0000000080000000, 0x0000000100000000)
  region size 1024K, 10 young (10240K), 10 survivors (10240K)
 Metaspace       used 79383K, capacity 81477K, committed 81532K, reserved 1120256K
  class space    used 10290K, capacity 11006K, committed 11008K, reserved 1048576K
}
Event: 11.770 GC heap before
{Heap before GC invocations=15 (full 0):
 garbage-first heap   total 260096K, used 198021K [0x0000000080000000, 0x0000000100000000)
  region size 1024K, 108 young (110592K), 10 survivors (10240K)
 Metaspace       used 80248K, capacity 82458K, committed 82684K, reserved 1120256K
  class space    used 10374K, capacity 11125K, committed 11136K, reserved 1048576K
}
Event: 11.778 GC heap after
{Heap after GC invocations=16 (full 0):
 garbage-first heap   total 260096K, used 92160K [0x0000000080000000, 0x0000000100000000)
  region size 1024K, 14 young (14336K), 14 survivors (14336K)
 Metaspace       used 80248K, capacity 82458K, committed 82684K, reserved 1120256K
  class space    used 10374K, capacity 11125K, committed 11136K, reserved 1048576K
}

