# JRE version: OpenJDK Runtime Environment (11.0.8+10) (build 11.0.8+10-b944.6842174)
# Java VM: OpenJDK 64-Bit Server VM (11.0.8+10-b944.6842174, mixed mode, tiered, compressed oops, g1 gc, windows-amd64)
Heap:
 garbage-first heap   total 260096K, used 129816K [0x0000000080000000, 0x0000000100000000)
  region size 1024K, 18 young (18432K), 1 survivors (1024K)
 Metaspace       used 99005K, capacity 102101K, committed 102396K, reserved 1138688K
  class space    used 12370K, capacity 13350K, committed 13440K, reserved 1048576K
GC Heap History (20 events):
Event: 64.155 GC heap before
{Heap before GC invocations=16 (full 0):
 garbage-first heap   total 260096K, used 201237K [0x0000000080000000, 0x0000000100000000)
  region size 1024K, 123 young (125952K), 16 survivors (16384K)
 Metaspace       used 96360K, capacity 99155K, committed 99452K, reserved 1136640K
  class space    used 12130K, capacity 12999K, committed 13056K, reserved 1048576K
}
Event: 64.165 GC heap after
{Heap after GC invocations=17 (full 0):
 garbage-first heap   total 260096K, used 101835K [0x0000000080000000, 0x0000000100000000)
  region size 1024K, 11 young (11264K), 11 survivors (11264K)
 Metaspace       used 96360K, capacity 99155K, committed 99452K, reserved 1136640K
  class space    used 12130K, capacity 12999K, committed 13056K, reserved 1048576K
}
Event: 65.996 GC heap before
{Heap before GC invocations=17 (full 0):
 garbage-first heap   total 260096K, used 220619K [0x0000000080000000, 0x0000000100000000)
  region size 1024K, 111 young (113664K), 11 survivors (11264K)
 Metaspace       used 96572K, capacity 99363K, committed 99452K, reserved 1136640K
  class space    used 12132K, capacity 13003K, committed 13056K, reserved 1048576K
}
Event: 66.002 GC heap after
{Heap after GC invocations=18 (full 0):
 garbage-first heap   total 260096K, used 105274K [0x0000000080000000, 0x0000000100000000)
  region size 1024K, 4 young (4096K), 4 survivors (4096K)
 Metaspace       used 96572K, capacity 99363K, committed 99452K, reserved 1136640K
  class space    used 12132K, capacity 13003K, committed 13056K, reserved 1048576K
}
Event: 68.126 GC heap before
{Heap before GC invocations=18 (full 0):
 garbage-first heap   total 260096K, used 208698K [0x0000000080000000, 0x0000000100000000)
  region size 1024K, 106 young (108544K), 4 survivors (4096K)
 Metaspace       used 97930K, capacity 100951K, committed 101116K, reserved 1136640K
  class space    used 12281K, capacity 13175K, committed 13184K, reserved 1048576K
}
Event: 68.131 GC heap after
{Heap after GC invocations=19 (full 0):
 garbage-first heap   total 260096K, used 109749K [0x0000000080000000, 0x0000000100000000)
  region size 1024K, 9 young (9216K), 9 survivors (9216K)
 Metaspace       used 97930K, capacity 100951K, committed 101116K, reserved 1136640K
  class space    used 12281K, capacity 13175K, committed 13184K, reserved 1048576K
}
Event: 112.365 GC heap before
{Heap before GC invocations=19 (full 0):
 garbage-first heap   total 260096K, used 209077K [0x0000000080000000, 0x0000000100000000)
  region size 1024K, 107 young (109568K), 9 survivors (9216K)
 Metaspace       used 98327K, capacity 101282K, committed 101500K, reserved 1138688K
  class space    used 12303K, capacity 13229K, committed 13312K, reserved 1048576K
}
Event: 112.370 GC heap after
{Heap after GC invocations=20 (full 0):
 garbage-first heap   total 260096K, used 114121K [0x0000000080000000, 0x0000000100000000)
  region size 1024K, 11 young (11264K), 11 survivors (11264K)
 Metaspace       used 98327K, capacity 101282K, committed 101500K, reserved 1138688K
  class space    used 12303K, capacity 13229K, committed 13312K, reserved 1048576K
}
Event: 112.572 GC heap before
{Heap before GC invocations=20 (full 0):
 garbage-first heap   total 260096K, used 177609K [0x0000000080000000, 0x0000000100000000)
  region size 1024K, 64 young (65536K), 11 survivors (11264K)
 Metaspace       used 98395K, capacity 101331K, committed 101500K, reserved 1138688K
  class space    used 12311K, capacity 13243K, committed 13312K, reserved 1048576K
}
Event: 112.614 GC heap after
{Heap after GC invocations=21 (full 0):
 garbage-first heap   total 260096K, used 135636K [0x0000000080000000, 0x0000000100000000)
  region size 1024K, 13 young (13312K), 13 survivors (13312K)
 Metaspace       used 98395K, capacity 101331K, committed 101500K, reserved 1138688K
  class space    used 12311K, capacity 13243K, committed 13312K, reserved 1048576K
}
Event: 113.588 GC heap before
{Heap before GC invocations=22 (full 0):
 garbage-first heap   total 260096K, used 208340K [0x0000000080000000, 0x0000000100000000)
  region size 1024K, 79 young (80896K), 13 survivors (13312K)
 Metaspace       used 98481K, capacity 101547K, committed 101756K, reserved 1138688K
  class space    used 12313K, capacity 13248K, committed 13312K, reserved 1048576K
}
Event: 113.594 GC heap after
{Heap after GC invocations=23 (full 0):
 garbage-first heap   total 260096K, used 136923K [0x0000000080000000, 0x0000000100000000)
  region size 1024K, 4 young (4096K), 4 survivors (4096K)
 Metaspace       used 98481K, capacity 101547K, committed 101756K, reserved 1138688K
  class space    used 12313K, capacity 13248K, committed 13312K, reserved 1048576K
}
Event: 113.609 GC heap before
{Heap before GC invocations=23 (full 0):
 garbage-first heap   total 260096K, used 144091K [0x0000000080000000, 0x0000000100000000)
  region size 1024K, 12 young (12288K), 4 survivors (4096K)
 Metaspace       used 98482K, capacity 101547K, committed 101756K, reserved 1138688K
  class space    used 12313K, capacity 13248K, committed 13312K, reserved 1048576K
}
Event: 113.612 GC heap after
{Heap after GC invocations=24 (full 0):
 garbage-first heap   total 260096K, used 127816K [0x0000000080000000, 0x0000000100000000)
  region size 1024K, 1 young (1024K), 1 survivors (1024K)
 Metaspace       used 98482K, capacity 101547K, committed 101756K, reserved 1138688K
  class space    used 12313K, capacity 13248K, committed 13312K, reserved 1048576K
}
Event: 169.359 GC heap before
{Heap before GC invocations=24 (full 0):
 garbage-first heap   total 260096K, used 201544K [0x0000000080000000, 0x0000000100000000)
  region size 1024K, 74 young (75776K), 1 survivors (1024K)
 Metaspace       used 98848K, capacity 101861K, committed 102140K, reserved 1138688K
  class space    used 12350K, capacity 13314K, committed 13440K, reserved 1048576K
}
Event: 169.365 GC heap after
{Heap after GC invocations=25 (full 0):
 garbage-first heap   total 260096K, used 134644K [0x0000000080000000, 0x0000000100000000)
  region size 1024K, 8 young (8192K), 8 survivors (8192K)
 Metaspace       used 98848K, capacity 101861K, committed 102140K, reserved 1138688K
  class space    used 12350K, capacity 13314K, committed 13440K, reserved 1048576K
}
Event: 169.623 GC heap before
{Heap before GC invocations=26 (full 0):
 garbage-first heap   total 260096K, used 212468K [0x0000000080000000, 0x0000000100000000)
  region size 1024K, 77 young (78848K), 8 survivors (8192K)
 Metaspace       used 98905K, capacity 101918K, committed 102140K, reserved 1138688K
  class space    used 12360K, capacity 13333K, committed 13440K, reserved 1048576K
}
Event: 169.628 GC heap after
{Heap after GC invocations=27 (full 0):
 garbage-first heap   total 260096K, used 126828K [0x0000000080000000, 0x0000000100000000)
  region size 1024K, 2 young (2048K), 2 survivors (2048K)
 Metaspace       used 98905K, capacity 101918K, committed 102140K, reserved 1138688K
  class space    used 12360K, capacity 13333K, committed 13440K, reserved 1048576K
}
Event: 169.741 GC heap before
{Heap before GC invocations=27 (full 0):
 garbage-first heap   total 260096K, used 137068K [0x0000000080000000, 0x0000000100000000)
  region size 1024K, 12 young (12288K), 2 survivors (2048K)
 Metaspace       used 98951K, capacity 102021K, committed 102140K, reserved 1138688K
  class space    used 12367K, capacity 13346K, committed 13440K, reserved 1048576K
}
Event: 169.744 GC heap after
{Heap after GC invocations=28 (full 0):
 garbage-first heap   total 260096K, used 114456K [0x0000000080000000, 0x0000000100000000)
  region size 1024K, 1 young (1024K), 1 survivors (1024K)
 Metaspace       used 98951K, capacity 102021K, committed 102140K, reserved 1138688K
  class space    used 12367K, capacity 13346K, committed 13440K, reserved 1048576K
}

